2024-10-11 14:13:12.358 [info] [main] Log level: Info
2024-10-11 14:13:12.358 [info] [main] Validating found git in: "git"
2024-10-11 14:13:12.358 [info] [main] Using git "2.44.1" from "git"
2024-10-11 14:13:12.358 [info] [Model][doInitialScan] Initial repository scan started
2024-10-11 14:13:12.358 [info] > git rev-parse --show-toplevel [2ms]
2024-10-11 14:13:12.358 [info] fatal: not a git repository (or any parent up to mount point /)
Stopping at filesystem boundary (GIT_DISCOVERY_ACROSS_FILESYSTEM not set).
2024-10-11 14:13:12.358 [info] > git rev-parse --show-toplevel [6ms]
2024-10-11 14:13:12.358 [info] fatal: not a git repository (or any parent up to mount point /)
Stopping at filesystem boundary (GIT_DISCOVERY_ACROSS_FILESYSTEM not set).
2024-10-11 14:13:12.365 [info] > git rev-parse --show-toplevel [1ms]
2024-10-11 14:13:12.365 [info] fatal: not a git repository (or any parent up to mount point /)
Stopping at filesystem boundary (GIT_DISCOVERY_ACROSS_FILESYSTEM not set).
2024-10-11 14:13:12.370 [info] > git rev-parse --show-toplevel [1ms]
2024-10-11 14:13:12.370 [info] fatal: not a git repository (or any parent up to mount point /)
Stopping at filesystem boundary (GIT_DISCOVERY_ACROSS_FILESYSTEM not set).
2024-10-11 14:13:12.375 [info] > git rev-parse --show-toplevel [1ms]
2024-10-11 14:13:12.375 [info] fatal: not a git repository (or any parent up to mount point /)
Stopping at filesystem boundary (GIT_DISCOVERY_ACROSS_FILESYSTEM not set).
2024-10-11 14:13:12.379 [info] > git rev-parse --show-toplevel [1ms]
2024-10-11 14:13:12.379 [info] fatal: not a git repository (or any parent up to mount point /)
Stopping at filesystem boundary (GIT_DISCOVERY_ACROSS_FILESYSTEM not set).
2024-10-11 14:13:12.383 [info] > git rev-parse --show-toplevel [1ms]
2024-10-11 14:13:12.383 [info] fatal: not a git repository (or any parent up to mount point /)
Stopping at filesystem boundary (GIT_DISCOVERY_ACROSS_FILESYSTEM not set).
2024-10-11 14:13:12.387 [info] > git rev-parse --show-toplevel [1ms]
2024-10-11 14:13:12.387 [info] fatal: not a git repository (or any parent up to mount point /)
Stopping at filesystem boundary (GIT_DISCOVERY_ACROSS_FILESYSTEM not set).
2024-10-11 14:13:12.392 [info] > git rev-parse --show-toplevel [1ms]
2024-10-11 14:13:12.392 [info] fatal: not a git repository (or any parent up to mount point /)
Stopping at filesystem boundary (GIT_DISCOVERY_ACROSS_FILESYSTEM not set).
2024-10-11 14:13:12.397 [info] > git rev-parse --show-toplevel [1ms]
2024-10-11 14:13:12.397 [info] fatal: not a git repository (or any parent up to mount point /)
Stopping at filesystem boundary (GIT_DISCOVERY_ACROSS_FILESYSTEM not set).
2024-10-11 14:13:12.402 [info] > git rev-parse --show-toplevel [1ms]
2024-10-11 14:13:12.402 [info] fatal: not a git repository (or any parent up to mount point /)
Stopping at filesystem boundary (GIT_DISCOVERY_ACROSS_FILESYSTEM not set).
2024-10-11 14:13:12.407 [info] > git rev-parse --show-toplevel [1ms]
2024-10-11 14:13:12.407 [info] fatal: not a git repository (or any parent up to mount point /)
Stopping at filesystem boundary (GIT_DISCOVERY_ACROSS_FILESYSTEM not set).
2024-10-11 14:13:12.584 [info] > git rev-parse --show-toplevel [174ms]
2024-10-11 14:13:12.584 [info] fatal: not a git repository (or any parent up to mount point /)
Stopping at filesystem boundary (GIT_DISCOVERY_ACROSS_FILESYSTEM not set).
2024-10-11 14:13:12.786 [info] > git rev-parse --show-toplevel [152ms]
2024-10-11 14:13:12.786 [info] fatal: not a git repository (or any parent up to mount point /)
Stopping at filesystem boundary (GIT_DISCOVERY_ACROSS_FILESYSTEM not set).
2024-10-11 14:13:12.819 [info] > git rev-parse --show-toplevel [14ms]
2024-10-11 14:13:12.819 [info] fatal: not a git repository (or any parent up to mount point /)
Stopping at filesystem boundary (GIT_DISCOVERY_ACROSS_FILESYSTEM not set).
2024-10-11 14:13:12.836 [info] > git rev-parse --show-toplevel [1ms]
2024-10-11 14:13:12.836 [info] fatal: not a git repository (or any parent up to mount point /)
Stopping at filesystem boundary (GIT_DISCOVERY_ACROSS_FILESYSTEM not set).
2024-10-11 14:13:12.844 [info] > git rev-parse --show-toplevel [2ms]
2024-10-11 14:13:12.844 [info] fatal: not a git repository (or any parent up to mount point /)
Stopping at filesystem boundary (GIT_DISCOVERY_ACROSS_FILESYSTEM not set).
2024-10-11 14:13:12.850 [info] > git rev-parse --show-toplevel [1ms]
2024-10-11 14:13:12.850 [info] fatal: not a git repository (or any parent up to mount point /)
Stopping at filesystem boundary (GIT_DISCOVERY_ACROSS_FILESYSTEM not set).
2024-10-11 14:13:12.858 [info] > git rev-parse --show-toplevel [2ms]
2024-10-11 14:13:12.858 [info] fatal: not a git repository (or any parent up to mount point /)
Stopping at filesystem boundary (GIT_DISCOVERY_ACROSS_FILESYSTEM not set).
2024-10-11 14:13:12.864 [info] > git rev-parse --show-toplevel [1ms]
2024-10-11 14:13:12.864 [info] fatal: not a git repository (or any parent up to mount point /)
Stopping at filesystem boundary (GIT_DISCOVERY_ACROSS_FILESYSTEM not set).
2024-10-11 14:13:12.871 [info] > git rev-parse --show-toplevel [2ms]
2024-10-11 14:13:12.871 [info] fatal: not a git repository (or any parent up to mount point /)
Stopping at filesystem boundary (GIT_DISCOVERY_ACROSS_FILESYSTEM not set).
2024-10-11 14:13:12.877 [info] > git rev-parse --show-toplevel [0ms]
2024-10-11 14:13:12.877 [info] fatal: not a git repository (or any parent up to mount point /)
Stopping at filesystem boundary (GIT_DISCOVERY_ACROSS_FILESYSTEM not set).
2024-10-11 14:13:12.883 [info] > git rev-parse --show-toplevel [0ms]
2024-10-11 14:13:12.883 [info] fatal: not a git repository (or any parent up to mount point /)
Stopping at filesystem boundary (GIT_DISCOVERY_ACROSS_FILESYSTEM not set).
2024-10-11 14:13:12.888 [info] > git rev-parse --show-toplevel [1ms]
2024-10-11 14:13:12.888 [info] fatal: not a git repository (or any parent up to mount point /)
Stopping at filesystem boundary (GIT_DISCOVERY_ACROSS_FILESYSTEM not set).
2024-10-11 14:13:12.894 [info] > git rev-parse --show-toplevel [1ms]
2024-10-11 14:13:12.894 [info] fatal: not a git repository (or any parent up to mount point /)
Stopping at filesystem boundary (GIT_DISCOVERY_ACROSS_FILESYSTEM not set).
2024-10-11 14:13:12.901 [info] > git rev-parse --show-toplevel [1ms]
2024-10-11 14:13:12.901 [info] fatal: not a git repository (or any parent up to mount point /)
Stopping at filesystem boundary (GIT_DISCOVERY_ACROSS_FILESYSTEM not set).
2024-10-11 14:13:12.912 [info] > git rev-parse --show-toplevel [6ms]
2024-10-11 14:13:12.912 [info] fatal: not a git repository (or any parent up to mount point /)
Stopping at filesystem boundary (GIT_DISCOVERY_ACROSS_FILESYSTEM not set).
2024-10-11 14:13:12.919 [info] > git rev-parse --show-toplevel [1ms]
2024-10-11 14:13:12.919 [info] fatal: not a git repository (or any parent up to mount point /)
Stopping at filesystem boundary (GIT_DISCOVERY_ACROSS_FILESYSTEM not set).
2024-10-11 14:13:12.925 [info] > git rev-parse --show-toplevel [0ms]
2024-10-11 14:13:12.925 [info] fatal: not a git repository (or any parent up to mount point /)
Stopping at filesystem boundary (GIT_DISCOVERY_ACROSS_FILESYSTEM not set).
2024-10-11 14:13:12.930 [info] > git rev-parse --show-toplevel [1ms]
2024-10-11 14:13:12.930 [info] fatal: not a git repository (or any parent up to mount point /)
Stopping at filesystem boundary (GIT_DISCOVERY_ACROSS_FILESYSTEM not set).
2024-10-11 14:13:12.937 [info] > git rev-parse --show-toplevel [1ms]
2024-10-11 14:13:12.937 [info] fatal: not a git repository (or any parent up to mount point /)
Stopping at filesystem boundary (GIT_DISCOVERY_ACROSS_FILESYSTEM not set).
2024-10-11 14:13:12.951 [info] > git rev-parse --show-toplevel [9ms]
2024-10-11 14:13:12.951 [info] fatal: not a git repository (or any parent up to mount point /)
Stopping at filesystem boundary (GIT_DISCOVERY_ACROSS_FILESYSTEM not set).
2024-10-11 14:13:12.958 [info] > git rev-parse --show-toplevel [1ms]
2024-10-11 14:13:12.958 [info] fatal: not a git repository (or any parent up to mount point /)
Stopping at filesystem boundary (GIT_DISCOVERY_ACROSS_FILESYSTEM not set).
2024-10-11 14:13:12.964 [info] > git rev-parse --show-toplevel [1ms]
2024-10-11 14:13:12.964 [info] fatal: not a git repository (or any parent up to mount point /)
Stopping at filesystem boundary (GIT_DISCOVERY_ACROSS_FILESYSTEM not set).
2024-10-11 14:13:12.970 [info] > git rev-parse --show-toplevel [0ms]
2024-10-11 14:13:12.970 [info] fatal: not a git repository (or any parent up to mount point /)
Stopping at filesystem boundary (GIT_DISCOVERY_ACROSS_FILESYSTEM not set).
2024-10-11 14:13:12.976 [info] > git rev-parse --show-toplevel [1ms]
2024-10-11 14:13:12.976 [info] fatal: not a git repository (or any parent up to mount point /)
Stopping at filesystem boundary (GIT_DISCOVERY_ACROSS_FILESYSTEM not set).
2024-10-11 14:13:12.982 [info] > git rev-parse --show-toplevel [1ms]
2024-10-11 14:13:12.982 [info] fatal: not a git repository (or any parent up to mount point /)
Stopping at filesystem boundary (GIT_DISCOVERY_ACROSS_FILESYSTEM not set).
2024-10-11 14:13:12.988 [info] > git rev-parse --show-toplevel [1ms]
2024-10-11 14:13:12.988 [info] fatal: not a git repository (or any parent up to mount point /)
Stopping at filesystem boundary (GIT_DISCOVERY_ACROSS_FILESYSTEM not set).
2024-10-11 14:13:12.994 [info] > git rev-parse --show-toplevel [1ms]
2024-10-11 14:13:12.994 [info] fatal: not a git repository (or any parent up to mount point /)
Stopping at filesystem boundary (GIT_DISCOVERY_ACROSS_FILESYSTEM not set).
2024-10-11 14:13:12.995 [info] [Model][doInitialScan] Initial repository scan completed - repositories (0), closed repositories (0), parent repositories (0), unsafe repositories (0)
2024-10-11 14:13:13.003 [info] > git rev-parse --show-toplevel [2ms]
2024-10-11 14:13:13.003 [info] fatal: not a git repository (or any parent up to mount point /)
Stopping at filesystem boundary (GIT_DISCOVERY_ACROSS_FILESYSTEM not set).
2024-10-11 16:24:38.401 [info] > git rev-parse --show-toplevel [1ms]
2024-10-11 16:24:38.401 [info] fatal: not a git repository (or any of the parent directories): .git
