2024-10-13 05:16:50.762 [info] Added views:outline in workbench.view.explorer
2024-10-13 05:16:50.763 [info] Added views:workbench.view.search in workbench.view.search
2024-10-13 05:16:50.763 [info] Added views:workbench.scm in workbench.view.scm
2024-10-13 05:16:50.763 [info] Added views:workbench.panel.markers.view in workbench.panel.markers
2024-10-13 05:16:50.763 [info] Added views:workbench.panel.output in workbench.panel.output
2024-10-13 05:16:50.763 [info] Added views:terminal in terminal
2024-10-13 05:16:50.763 [info] Added views:timeline in workbench.view.explorer
2024-10-13 05:16:50.763 [info] Added views:workbench.explorer.fileView in workbench.view.explorer
2024-10-13 05:16:50.880 [info] Added views:workbench.debug.welcome in workbench.view.debug
2024-10-13 05:16:51.822 [info] Added views:~remote.forwardedPorts in ~remote.forwardedPortsContainer
2024-10-13 05:16:51.972 [info] Added views:workbench.panel.repl.view in workbench.panel.repl
2024-10-13 05:30:09.708 [info] Added views:outline in workbench.view.explorer
2024-10-13 05:30:09.708 [info] Added views:workbench.view.search in workbench.view.search
2024-10-13 05:30:09.708 [info] Added views:workbench.scm in workbench.view.scm
2024-10-13 05:30:09.708 [info] Added views:workbench.panel.markers.view in workbench.panel.markers
2024-10-13 05:30:09.708 [info] Added views:workbench.panel.output in workbench.panel.output
2024-10-13 05:30:09.708 [info] Added views:terminal in terminal
2024-10-13 05:30:09.708 [info] Added views:timeline in workbench.view.explorer
2024-10-13 05:30:09.708 [info] Added views:workbench.explorer.fileView in workbench.view.explorer
2024-10-13 05:30:09.939 [info] Added views:workbench.debug.variablesView,workbench.debug.watchExpressionsView,workbench.debug.callStackView,workbench.debug.breakPointsView in workbench.view.debug
2024-10-13 05:30:10.088 [info] Added views:~remote.forwardedPorts in ~remote.forwardedPortsContainer
2024-10-13 05:30:10.211 [info] Added views:workbench.panel.repl.view in workbench.panel.repl
2024-10-13 05:30:10.212 [info] Removed views:workbench.debug.breakPointsView,workbench.debug.callStackView,workbench.debug.watchExpressionsView,workbench.debug.variablesView from workbench.view.debug
2024-10-13 05:30:10.213 [info] Added views:workbench.debug.welcome in workbench.view.debug
