2024-10-13 05:16:52.106 [info] Extension host with pid 2153 started
2024-10-13 05:16:52.106 [info] Skipping acquiring lock for /home/admin/.config/Code - OSS/User/workspaceStorage/895ec05991f666b0c4334e9679fb44d3.
2024-10-13 05:16:52.106 [info] ExtensionService#_doActivateExtension vscode.emmet, startup: false, activationEvent: 'onLanguage'
2024-10-13 05:16:52.107 [info] ExtensionService#_doActivateExtension vscode.git-base, startup: true, activationEvent: '*', root cause: vscode.git
2024-10-13 05:16:52.146 [info] ExtensionService#_doActivateExtension vscode.git, startup: true, activationEvent: '*'
2024-10-13 05:16:52.282 [info] ExtensionService#_doActivateExtension vscode.github, startup: true, activationEvent: '*'
2024-10-13 05:16:52.659 [info] Eager extensions activated
2024-10-13 05:16:52.678 [info] ExtensionService#_doActivateExtension vscode.debug-auto-launch, startup: false, activationEvent: 'onStartupFinished'
2024-10-13 05:16:52.751 [info] ExtensionService#_doActivateExtension vscode.merge-conflict, startup: false, activationEvent: 'onStartupFinished'
2024-10-13 05:16:52.853 [info] ExtensionService#_doActivateExtension YuTengjing.vscode-colorize-plus, startup: false, activationEvent: 'onStartupFinished'
2024-10-13 05:30:09.336 [info] Extension host terminating: renderer closed the MessagePort
2024-10-13 05:30:09.339 [info] Extension host with pid 2153 exiting with code 0
2024-10-13 05:30:10.165 [info] Extension host with pid 4944 started
2024-10-13 05:30:10.165 [info] Skipping acquiring lock for /home/admin/.config/Code - OSS/User/workspaceStorage/526d5f0528a33b2d04ca05cf0c57b05f.
2024-10-13 05:30:10.213 [info] ExtensionService#_doActivateExtension vscode.git-base, startup: true, activationEvent: '*', root cause: vscode.git
2024-10-13 05:30:10.261 [info] ExtensionService#_doActivateExtension vscode.git, startup: true, activationEvent: '*'
2024-10-13 05:30:10.317 [info] ExtensionService#_doActivateExtension vscode.github, startup: true, activationEvent: '*'
2024-10-13 05:30:10.363 [info] Eager extensions activated
2024-10-13 05:30:10.377 [info] ExtensionService#_doActivateExtension vscode.debug-auto-launch, startup: false, activationEvent: 'onStartupFinished'
2024-10-13 05:30:10.379 [info] ExtensionService#_doActivateExtension vscode.merge-conflict, startup: false, activationEvent: 'onStartupFinished'
2024-10-13 05:30:10.392 [info] ExtensionService#_doActivateExtension YuTengjing.vscode-colorize-plus, startup: false, activationEvent: 'onStartupFinished'
2024-10-13 05:30:15.161 [info] Extension host terminating: renderer closed the MessagePort
2024-10-13 05:30:15.163 [info] Extension host with pid 4944 exiting with code 0
