2024-10-11 00:15:21.233 [info] [main] Log level: Info
2024-10-11 00:15:21.233 [info] [main] Validating found git in: "git"
2024-10-11 00:15:21.233 [info] [main] Using git "2.44.1" from "git"
2024-10-11 00:15:21.233 [info] [Model][doInitialScan] Initial repository scan started
2024-10-11 00:15:21.233 [info] > git rev-parse --show-toplevel [8ms]
2024-10-11 00:15:21.233 [info] fatal: not a git repository (or any parent up to mount point /)
Stopping at filesystem boundary (GIT_DISCOVERY_ACROSS_FILESYSTEM not set).
2024-10-11 00:15:21.233 [info] > git rev-parse --show-toplevel [2ms]
2024-10-11 00:15:21.233 [info] fatal: not a git repository (or any parent up to mount point /)
Stopping at filesystem boundary (GIT_DISCOVERY_ACROSS_FILESYSTEM not set).
2024-10-11 00:15:21.241 [info] > git rev-parse --show-toplevel [1ms]
2024-10-11 00:15:21.241 [info] fatal: not a git repository (or any parent up to mount point /)
Stopping at filesystem boundary (GIT_DISCOVERY_ACROSS_FILESYSTEM not set).
2024-10-11 00:15:21.247 [info] > git rev-parse --show-toplevel [1ms]
2024-10-11 00:15:21.247 [info] fatal: not a git repository (or any parent up to mount point /)
Stopping at filesystem boundary (GIT_DISCOVERY_ACROSS_FILESYSTEM not set).
2024-10-11 00:15:21.253 [info] > git rev-parse --show-toplevel [2ms]
2024-10-11 00:15:21.253 [info] fatal: not a git repository (or any parent up to mount point /)
Stopping at filesystem boundary (GIT_DISCOVERY_ACROSS_FILESYSTEM not set).
2024-10-11 00:15:21.261 [info] > git rev-parse --show-toplevel [4ms]
2024-10-11 00:15:21.261 [info] fatal: not a git repository (or any parent up to mount point /)
Stopping at filesystem boundary (GIT_DISCOVERY_ACROSS_FILESYSTEM not set).
2024-10-11 00:15:21.301 [info] > git rev-parse --show-toplevel [2ms]
2024-10-11 00:15:21.301 [info] fatal: not a git repository (or any parent up to mount point /)
Stopping at filesystem boundary (GIT_DISCOVERY_ACROSS_FILESYSTEM not set).
2024-10-11 00:15:21.322 [info] > git rev-parse --show-toplevel [17ms]
2024-10-11 00:15:21.322 [info] fatal: not a git repository (or any parent up to mount point /)
Stopping at filesystem boundary (GIT_DISCOVERY_ACROSS_FILESYSTEM not set).
2024-10-11 00:15:21.374 [info] > git rev-parse --show-toplevel [3ms]
2024-10-11 00:15:21.374 [info] fatal: not a git repository (or any parent up to mount point /)
Stopping at filesystem boundary (GIT_DISCOVERY_ACROSS_FILESYSTEM not set).
2024-10-11 00:15:21.386 [info] > git rev-parse --show-toplevel [6ms]
2024-10-11 00:15:21.386 [info] fatal: not a git repository (or any parent up to mount point /)
Stopping at filesystem boundary (GIT_DISCOVERY_ACROSS_FILESYSTEM not set).
2024-10-11 00:15:21.397 [info] > git rev-parse --show-toplevel [1ms]
2024-10-11 00:15:21.397 [info] fatal: not a git repository (or any parent up to mount point /)
Stopping at filesystem boundary (GIT_DISCOVERY_ACROSS_FILESYSTEM not set).
2024-10-11 00:15:21.405 [info] > git rev-parse --show-toplevel [2ms]
2024-10-11 00:15:21.405 [info] fatal: not a git repository (or any parent up to mount point /)
Stopping at filesystem boundary (GIT_DISCOVERY_ACROSS_FILESYSTEM not set).
2024-10-11 00:15:21.412 [info] > git rev-parse --show-toplevel [1ms]
2024-10-11 00:15:21.412 [info] fatal: not a git repository (or any parent up to mount point /)
Stopping at filesystem boundary (GIT_DISCOVERY_ACROSS_FILESYSTEM not set).
2024-10-11 00:15:21.420 [info] > git rev-parse --show-toplevel [1ms]
2024-10-11 00:15:21.420 [info] fatal: not a git repository (or any parent up to mount point /)
Stopping at filesystem boundary (GIT_DISCOVERY_ACROSS_FILESYSTEM not set).
2024-10-11 00:15:21.426 [info] > git rev-parse --show-toplevel [1ms]
2024-10-11 00:15:21.426 [info] fatal: not a git repository (or any parent up to mount point /)
Stopping at filesystem boundary (GIT_DISCOVERY_ACROSS_FILESYSTEM not set).
2024-10-11 00:15:21.431 [info] > git rev-parse --show-toplevel [1ms]
2024-10-11 00:15:21.431 [info] fatal: not a git repository (or any parent up to mount point /)
Stopping at filesystem boundary (GIT_DISCOVERY_ACROSS_FILESYSTEM not set).
2024-10-11 00:15:21.436 [info] > git rev-parse --show-toplevel [1ms]
2024-10-11 00:15:21.436 [info] fatal: not a git repository (or any parent up to mount point /)
Stopping at filesystem boundary (GIT_DISCOVERY_ACROSS_FILESYSTEM not set).
2024-10-11 00:15:21.441 [info] > git rev-parse --show-toplevel [1ms]
2024-10-11 00:15:21.441 [info] fatal: not a git repository (or any parent up to mount point /)
Stopping at filesystem boundary (GIT_DISCOVERY_ACROSS_FILESYSTEM not set).
2024-10-11 00:15:21.448 [info] > git rev-parse --show-toplevel [4ms]
2024-10-11 00:15:21.448 [info] fatal: not a git repository (or any parent up to mount point /)
Stopping at filesystem boundary (GIT_DISCOVERY_ACROSS_FILESYSTEM not set).
2024-10-11 00:15:21.459 [info] > git rev-parse --show-toplevel [6ms]
2024-10-11 00:15:21.459 [info] fatal: not a git repository (or any parent up to mount point /)
Stopping at filesystem boundary (GIT_DISCOVERY_ACROSS_FILESYSTEM not set).
2024-10-11 00:15:21.465 [info] > git rev-parse --show-toplevel [1ms]
2024-10-11 00:15:21.465 [info] fatal: not a git repository (or any parent up to mount point /)
Stopping at filesystem boundary (GIT_DISCOVERY_ACROSS_FILESYSTEM not set).
2024-10-11 00:15:21.474 [info] > git rev-parse --show-toplevel [5ms]
2024-10-11 00:15:21.474 [info] fatal: not a git repository (or any parent up to mount point /)
Stopping at filesystem boundary (GIT_DISCOVERY_ACROSS_FILESYSTEM not set).
2024-10-11 00:15:21.480 [info] > git rev-parse --show-toplevel [1ms]
2024-10-11 00:15:21.480 [info] fatal: not a git repository (or any parent up to mount point /)
Stopping at filesystem boundary (GIT_DISCOVERY_ACROSS_FILESYSTEM not set).
2024-10-11 00:15:21.484 [info] > git rev-parse --show-toplevel [1ms]
2024-10-11 00:15:21.484 [info] fatal: not a git repository (or any parent up to mount point /)
Stopping at filesystem boundary (GIT_DISCOVERY_ACROSS_FILESYSTEM not set).
2024-10-11 00:15:21.489 [info] > git rev-parse --show-toplevel [1ms]
2024-10-11 00:15:21.489 [info] fatal: not a git repository (or any parent up to mount point /)
Stopping at filesystem boundary (GIT_DISCOVERY_ACROSS_FILESYSTEM not set).
2024-10-11 00:15:21.494 [info] > git rev-parse --show-toplevel [1ms]
2024-10-11 00:15:21.494 [info] fatal: not a git repository (or any parent up to mount point /)
Stopping at filesystem boundary (GIT_DISCOVERY_ACROSS_FILESYSTEM not set).
2024-10-11 00:15:21.500 [info] > git rev-parse --show-toplevel [1ms]
2024-10-11 00:15:21.500 [info] fatal: not a git repository (or any parent up to mount point /)
Stopping at filesystem boundary (GIT_DISCOVERY_ACROSS_FILESYSTEM not set).
2024-10-11 00:15:21.505 [info] > git rev-parse --show-toplevel [2ms]
2024-10-11 00:15:21.505 [info] fatal: not a git repository (or any parent up to mount point /)
Stopping at filesystem boundary (GIT_DISCOVERY_ACROSS_FILESYSTEM not set).
2024-10-11 00:15:21.510 [info] > git rev-parse --show-toplevel [1ms]
2024-10-11 00:15:21.510 [info] fatal: not a git repository (or any parent up to mount point /)
Stopping at filesystem boundary (GIT_DISCOVERY_ACROSS_FILESYSTEM not set).
2024-10-11 00:15:21.520 [info] > git rev-parse --show-toplevel [6ms]
2024-10-11 00:15:21.520 [info] fatal: not a git repository (or any parent up to mount point /)
Stopping at filesystem boundary (GIT_DISCOVERY_ACROSS_FILESYSTEM not set).
2024-10-11 00:15:21.524 [info] > git rev-parse --show-toplevel [1ms]
2024-10-11 00:15:21.524 [info] fatal: not a git repository (or any parent up to mount point /)
Stopping at filesystem boundary (GIT_DISCOVERY_ACROSS_FILESYSTEM not set).
2024-10-11 00:15:21.529 [info] > git rev-parse --show-toplevel [1ms]
2024-10-11 00:15:21.530 [info] fatal: not a git repository (or any parent up to mount point /)
Stopping at filesystem boundary (GIT_DISCOVERY_ACROSS_FILESYSTEM not set).
2024-10-11 00:15:21.535 [info] > git rev-parse --show-toplevel [0ms]
2024-10-11 00:15:21.535 [info] fatal: not a git repository (or any parent up to mount point /)
Stopping at filesystem boundary (GIT_DISCOVERY_ACROSS_FILESYSTEM not set).
2024-10-11 00:15:21.539 [info] > git rev-parse --show-toplevel [1ms]
2024-10-11 00:15:21.539 [info] fatal: not a git repository (or any parent up to mount point /)
Stopping at filesystem boundary (GIT_DISCOVERY_ACROSS_FILESYSTEM not set).
2024-10-11 00:15:21.544 [info] > git rev-parse --show-toplevel [1ms]
2024-10-11 00:15:21.544 [info] fatal: not a git repository (or any parent up to mount point /)
Stopping at filesystem boundary (GIT_DISCOVERY_ACROSS_FILESYSTEM not set).
2024-10-11 00:15:21.549 [info] > git rev-parse --show-toplevel [1ms]
2024-10-11 00:15:21.549 [info] fatal: not a git repository (or any parent up to mount point /)
Stopping at filesystem boundary (GIT_DISCOVERY_ACROSS_FILESYSTEM not set).
2024-10-11 00:15:21.554 [info] > git rev-parse --show-toplevel [1ms]
2024-10-11 00:15:21.554 [info] fatal: not a git repository (or any parent up to mount point /)
Stopping at filesystem boundary (GIT_DISCOVERY_ACROSS_FILESYSTEM not set).
2024-10-11 00:15:21.558 [info] > git rev-parse --show-toplevel [1ms]
2024-10-11 00:15:21.558 [info] fatal: not a git repository (or any parent up to mount point /)
Stopping at filesystem boundary (GIT_DISCOVERY_ACROSS_FILESYSTEM not set).
2024-10-11 00:15:21.560 [info] [Model][doInitialScan] Initial repository scan completed - repositories (0), closed repositories (0), parent repositories (0), unsafe repositories (0)
2024-10-11 00:15:22.979 [info] > git rev-parse --show-toplevel [1ms]
2024-10-11 00:15:22.979 [info] fatal: not a git repository (or any parent up to mount point /)
Stopping at filesystem boundary (GIT_DISCOVERY_ACROSS_FILESYSTEM not set).
2024-10-11 00:15:23.779 [info] > git rev-parse --show-toplevel [2ms]
2024-10-11 00:15:23.779 [info] fatal: not a git repository (or any parent up to mount point /)
Stopping at filesystem boundary (GIT_DISCOVERY_ACROSS_FILESYSTEM not set).
2024-10-11 00:15:24.626 [info] > git rev-parse --show-toplevel [1ms]
2024-10-11 00:15:24.626 [info] fatal: not a git repository (or any parent up to mount point /)
Stopping at filesystem boundary (GIT_DISCOVERY_ACROSS_FILESYSTEM not set).
2024-10-11 00:15:34.212 [info] > git rev-parse --show-toplevel [1ms]
2024-10-11 00:15:34.212 [info] fatal: not a git repository (or any parent up to mount point /)
Stopping at filesystem boundary (GIT_DISCOVERY_ACROSS_FILESYSTEM not set).
2024-10-11 00:15:42.392 [info] > git rev-parse --show-toplevel [2ms]
2024-10-11 00:15:42.392 [info] fatal: not a git repository (or any parent up to mount point /)
Stopping at filesystem boundary (GIT_DISCOVERY_ACROSS_FILESYSTEM not set).
2024-10-11 00:17:15.410 [info] > git rev-parse --show-toplevel [2ms]
2024-10-11 00:17:15.410 [info] fatal: not a git repository (or any parent up to mount point /)
Stopping at filesystem boundary (GIT_DISCOVERY_ACROSS_FILESYSTEM not set).
2024-10-11 00:23:14.036 [info] > git rev-parse --show-toplevel [2ms]
2024-10-11 00:23:14.036 [info] fatal: not a git repository (or any parent up to mount point /)
Stopping at filesystem boundary (GIT_DISCOVERY_ACROSS_FILESYSTEM not set).
2024-10-11 00:23:14.447 [info] > git rev-parse --show-toplevel [1ms]
2024-10-11 00:23:14.447 [info] fatal: not a git repository (or any parent up to mount point /)
Stopping at filesystem boundary (GIT_DISCOVERY_ACROSS_FILESYSTEM not set).
2024-10-11 00:47:14.367 [info] > git rev-parse --show-toplevel [1ms]
2024-10-11 00:47:14.367 [info] fatal: not a git repository (or any of the parent directories): .git
2024-10-11 12:10:10.289 [info] > git rev-parse --show-toplevel [2ms]
2024-10-11 12:10:10.289 [info] fatal: not a git repository (or any parent up to mount point /)
Stopping at filesystem boundary (GIT_DISCOVERY_ACROSS_FILESYSTEM not set).
2024-10-11 12:11:28.086 [info] > git rev-parse --show-toplevel [2ms]
2024-10-11 12:11:28.086 [info] fatal: not a git repository (or any parent up to mount point /)
Stopping at filesystem boundary (GIT_DISCOVERY_ACROSS_FILESYSTEM not set).
2024-10-11 14:09:10.187 [info] > git rev-parse --show-toplevel [1ms]
2024-10-11 14:09:10.187 [info] fatal: not a git repository (or any parent up to mount point /)
Stopping at filesystem boundary (GIT_DISCOVERY_ACROSS_FILESYSTEM not set).
2024-10-11 14:09:13.455 [info] > git rev-parse --show-toplevel [1ms]
2024-10-11 14:09:13.456 [info] fatal: not a git repository (or any parent up to mount point /)
Stopping at filesystem boundary (GIT_DISCOVERY_ACROSS_FILESYSTEM not set).
