2024-10-13 05:30:18.850 [info] [main] Log level: Info
2024-10-13 05:30:18.850 [info] [main] Validating found git in: "git"
2024-10-13 05:30:18.850 [info] [main] Using git "2.47.0" from "git"
2024-10-13 05:30:18.850 [info] [Model][doInitialScan] Initial repository scan started
2024-10-13 05:30:18.850 [info] > git rev-parse --show-toplevel [4ms]
2024-10-13 05:30:18.850 [info] fatal: not a git repository (or any parent up to mount point /)
Stopping at filesystem boundary (GIT_DISCOVERY_ACROSS_FILESYSTEM not set).
2024-10-13 05:30:18.850 [info] [Model][doInitialScan] Initial repository scan completed - repositories (0), closed repositories (0), parent repositories (0), unsafe repositories (0)
2024-10-13 05:30:20.607 [info] > git rev-parse --show-toplevel [1ms]
2024-10-13 05:30:20.607 [info] fatal: not a git repository (or any parent up to mount point /)
Stopping at filesystem boundary (GIT_DISCOVERY_ACROSS_FILESYSTEM not set).
2024-10-13 05:30:40.738 [info] [main] Log level: Info
2024-10-13 05:30:40.738 [info] [main] Validating found git in: "git"
2024-10-13 05:30:40.738 [info] [main] Using git "2.47.0" from "git"
2024-10-13 05:30:40.738 [info] [Model][doInitialScan] Initial repository scan started
2024-10-13 05:30:40.738 [info] > git rev-parse --show-toplevel [3ms]
2024-10-13 05:30:40.738 [info] fatal: not a git repository (or any parent up to mount point /)
Stopping at filesystem boundary (GIT_DISCOVERY_ACROSS_FILESYSTEM not set).
2024-10-13 05:30:40.756 [info] > git rev-parse --show-toplevel [7ms]
2024-10-13 05:30:40.756 [info] fatal: not a git repository (or any parent up to mount point /)
Stopping at filesystem boundary (GIT_DISCOVERY_ACROSS_FILESYSTEM not set).
2024-10-13 05:30:40.763 [info] > git rev-parse --show-toplevel [1ms]
2024-10-13 05:30:40.763 [info] fatal: not a git repository (or any parent up to mount point /)
Stopping at filesystem boundary (GIT_DISCOVERY_ACROSS_FILESYSTEM not set).
2024-10-13 05:30:40.768 [info] > git rev-parse --show-toplevel [1ms]
2024-10-13 05:30:40.768 [info] fatal: not a git repository (or any parent up to mount point /)
Stopping at filesystem boundary (GIT_DISCOVERY_ACROSS_FILESYSTEM not set).
2024-10-13 05:30:40.774 [info] > git rev-parse --show-toplevel [1ms]
2024-10-13 05:30:40.774 [info] fatal: not a git repository (or any parent up to mount point /)
Stopping at filesystem boundary (GIT_DISCOVERY_ACROSS_FILESYSTEM not set).
2024-10-13 05:30:40.779 [info] > git rev-parse --show-toplevel [1ms]
2024-10-13 05:30:40.779 [info] fatal: not a git repository (or any parent up to mount point /)
Stopping at filesystem boundary (GIT_DISCOVERY_ACROSS_FILESYSTEM not set).
2024-10-13 05:30:40.779 [info] [Model][doInitialScan] Initial repository scan completed - repositories (0), closed repositories (0), parent repositories (0), unsafe repositories (0)
2024-10-13 05:30:42.550 [info] > git rev-parse --show-toplevel [2ms]
2024-10-13 05:30:42.550 [info] fatal: not a git repository (or any parent up to mount point /)
Stopping at filesystem boundary (GIT_DISCOVERY_ACROSS_FILESYSTEM not set).
2024-10-13 05:30:42.950 [info] > git rev-parse --show-toplevel [1ms]
2024-10-13 05:30:42.950 [info] fatal: not a git repository (or any parent up to mount point /)
Stopping at filesystem boundary (GIT_DISCOVERY_ACROSS_FILESYSTEM not set).
2024-10-13 05:36:57.231 [info] > git rev-parse --show-toplevel [1ms]
2024-10-13 05:36:57.231 [info] fatal: not a git repository (or any parent up to mount point /)
Stopping at filesystem boundary (GIT_DISCOVERY_ACROSS_FILESYSTEM not set).
2024-10-13 05:37:02.660 [info] > git rev-parse --show-toplevel [1ms]
2024-10-13 05:37:02.660 [info] fatal: not a git repository (or any parent up to mount point /)
Stopping at filesystem boundary (GIT_DISCOVERY_ACROSS_FILESYSTEM not set).
2024-10-13 05:37:03.656 [info] > git rev-parse --show-toplevel [1ms]
2024-10-13 05:37:03.656 [info] fatal: not a git repository (or any parent up to mount point /)
Stopping at filesystem boundary (GIT_DISCOVERY_ACROSS_FILESYSTEM not set).
2024-10-13 05:42:24.459 [info] > git rev-parse --show-toplevel [1ms]
2024-10-13 05:42:24.459 [info] fatal: not a git repository (or any parent up to mount point /)
Stopping at filesystem boundary (GIT_DISCOVERY_ACROSS_FILESYSTEM not set).
2024-10-13 05:43:23.125 [info] > git rev-parse --show-toplevel [1ms]
2024-10-13 05:43:23.125 [info] fatal: not a git repository (or any parent up to mount point /)
Stopping at filesystem boundary (GIT_DISCOVERY_ACROSS_FILESYSTEM not set).
2024-10-13 05:45:33.893 [info] > git rev-parse --show-toplevel [1ms]
2024-10-13 05:45:33.893 [info] fatal: not a git repository (or any parent up to mount point /)
Stopping at filesystem boundary (GIT_DISCOVERY_ACROSS_FILESYSTEM not set).
2024-10-13 05:46:35.953 [info] > git rev-parse --show-toplevel [1ms]
2024-10-13 05:46:35.953 [info] fatal: not a git repository (or any parent up to mount point /)
Stopping at filesystem boundary (GIT_DISCOVERY_ACROSS_FILESYSTEM not set).
2024-10-13 05:48:01.890 [info] > git rev-parse --show-toplevel [1ms]
2024-10-13 05:48:01.890 [info] fatal: not a git repository (or any parent up to mount point /)
Stopping at filesystem boundary (GIT_DISCOVERY_ACROSS_FILESYSTEM not set).
