2024-10-13 05:30:18.605 [info] Extension host with pid 5151 started
2024-10-13 05:30:18.605 [info] Skipping acquiring lock for /home/admin/.config/Code - OSS/User/workspaceStorage/526d5f0528a33b2d04ca05cf0c57b05f.
2024-10-13 05:30:18.644 [info] ExtensionService#_doActivateExtension vscode.git-base, startup: true, activationEvent: '*', root cause: vscode.git
2024-10-13 05:30:18.707 [info] ExtensionService#_doActivateExtension vscode.git, startup: true, activationEvent: '*'
2024-10-13 05:30:18.764 [info] ExtensionService#_doActivateExtension vscode.github, startup: true, activationEvent: '*'
2024-10-13 05:30:18.811 [info] Eager extensions activated
2024-10-13 05:30:18.825 [info] ExtensionService#_doActivateExtension vscode.debug-auto-launch, startup: false, activationEvent: 'onStartupFinished'
2024-10-13 05:30:18.826 [info] ExtensionService#_doActivateExtension vscode.merge-conflict, startup: false, activationEvent: 'onStartupFinished'
2024-10-13 05:30:18.840 [info] ExtensionService#_doActivateExtension YuTengjing.vscode-colorize-plus, startup: false, activationEvent: 'onStartupFinished'
2024-10-13 05:30:39.752 [info] Extension host terminating: renderer closed the MessagePort
2024-10-13 05:30:39.755 [info] Extension host with pid 5151 exiting with code 0
2024-10-13 05:30:40.512 [info] Extension host with pid 5274 started
2024-10-13 05:30:40.512 [info] Skipping acquiring lock for /home/admin/.config/Code - OSS/User/workspaceStorage/f6ce13c2b6ca6c7529ea4a39a07e4b4a.
2024-10-13 05:30:40.570 [info] ExtensionService#_doActivateExtension vscode.git-base, startup: true, activationEvent: '*', root cause: vscode.git
2024-10-13 05:30:40.604 [info] ExtensionService#_doActivateExtension vscode.git, startup: true, activationEvent: '*'
2024-10-13 05:30:40.659 [info] ExtensionService#_doActivateExtension vscode.github, startup: true, activationEvent: '*'
2024-10-13 05:30:40.705 [info] Eager extensions activated
2024-10-13 05:30:40.719 [info] ExtensionService#_doActivateExtension vscode.debug-auto-launch, startup: false, activationEvent: 'onStartupFinished'
2024-10-13 05:30:40.721 [info] ExtensionService#_doActivateExtension vscode.merge-conflict, startup: false, activationEvent: 'onStartupFinished'
2024-10-13 05:30:40.734 [info] ExtensionService#_doActivateExtension YuTengjing.vscode-colorize-plus, startup: false, activationEvent: 'onStartupFinished'
2024-10-13 05:30:42.978 [info] ExtensionService#_doActivateExtension vscode.emmet, startup: false, activationEvent: 'onLanguage'
